Tue 22:31: ########################################## 
Tue 22:31: Compiling.
Tue 22:31: ########################################## 

Tue 22:31: MaxCompiler version: 2016.1.1.
Tue 22:31: Build Simulation run rule for PolyEval start time: Tue Jan 24 22:31:58 GMT 2017.
Tue 22:31: Project location: /home/demo/workspace/PolyEval.
Tue 22:31: Detailed build log: /home/demo/workspace/PolyEval/RunRules/Simulation/build.log.

Tue 22:31: Compiling Engine Code.
Tue 22:31: Building PolyEval.max file. 
Tue 22:31: Setting environment variable:
Tue 22:31: MAXCOMPILER_BUILD_DIR : /home/demo/workspace/PolyEval/RunRules/Simulation/maxfiles
Tue 22:31: MAX_BUILDPARAMS : DFEModel='MAIA' target='DFE_SIM' maxFileName='PolyEval'  
Tue 22:31: Building output:
Tue 22:32: MaxCompiler version: 2016.1.1
Tue 22:32: Build "PolyEval" start time: Tue Jan 24 22:32:01 GMT 2017
Tue 22:32: Main build process running as user demo on host localhost.localdomain
Tue 22:32: Build location: /home/demo/Desktop/MaxCompiler-Builds/PolyEval_MAIA_DFE_SIM
Tue 22:32: Detailed build log available in "_build.log"
Tue 22:32: WARNING: No valid license for the component 'MaxCompiler_core' was found
Tue 22:32: WARNING: but a valid 'MaxCompiler_core_sim' license was found.
Tue 22:32: WARNING: Falling back to sim-only support
Tue 22:32: Instantiating manager
Tue 22:32: Instantiating kernel "PolyEvalKernel"
Tue 22:32: Compiling manager (CPU I/O Only)
Tue 22:32: 
Tue 22:32: Compiling kernel "PolyEvalKernel"
Tue 22:32: Running back-end simulation build (3 phases)
Tue 22:32: (1/3) - Prepare MaxFile Data (GenerateMaxFileDataFile)
Tue 22:32: (2/3) - Compile Simulation Modules (SimCompilePass)
Tue 22:32: (3/3) - Generate MaxFile (AddSimObjectToMaxFilePass)
Tue 22:32: MaxFile: /home/demo/Desktop/MaxCompiler-Builds/PolyEval_MAIA_DFE_SIM/results/PolyEval.max (MD5Sum: b87e88dded861a2a839abee6d3af6fc3)
Tue 22:32: Build completed: Tue Jan 24 22:32:07 GMT 2017 (took 5 secs)
Tue 22:32: Executing command:
Tue 22:32: cp /home/demo/workspace/PolyEval/RunRules/Simulation/maxfiles/PolyEval.h /home/demo/workspace/PolyEval/RunRules/Simulation/include/PolyEval.h 
Tue 22:32: Command output:
Tue 22:32: Building: PolyEval.max file finished.
Tue 22:32: Engine build finished.
Tue 22:32: Compiling CPU Code.
Tue 22:32: Run CPU project make files updating
Tue 22:32: Executing command:
Tue 22:32: java -jar /opt/maxeler/maxcompiler/lib/MaxIDE/projectAdmin.jar -u /home/demo/workspace/PolyEval Simulation 
Tue 22:32: Command output:

Tue 22:32: MaxCompiler Project Admin Tool Version 2016.1.00001
Tue 22:32:  Copyright Maxeler Technologies 2010 - 2016. All rights reserved.

Tue 22:32: Handler version 2
Tue 22:32: Updating RunRule dependent Makefiles for RunRule 'Simulation'
Tue 22:32: 	Updating: Simulation
Tue 22:32: Found makefiles: 1
Tue 22:32: 	Updated: Simulation
Tue 22:32: Run CPU make.
Tue 22:32: make RUNRULE=Simulation 
Tue 22:32: Command output:
Tue 22:32: make -f Makefile.rules build
Tue 22:32: make[1]: Entering directory `/home/demo/workspace/PolyEval/CPUCode'
Tue 22:32: set -e; rm -f ../RunRules/Simulation/objects/c/PolyEvalCpuCode.d ;                                                             \
Tue 22:32: 	  cc -M -std=gnu99 -g -O3 -Wall -Wextra -I../RunRules/Simulation/include  -I '/opt/maxeler/maxcompiler/include/slic'  -Wno-error PolyEvalCpuCode.c > ../RunRules/Simulation/objects/c/PolyEvalCpuCode.d.$$ ;                                 \
Tue 22:32:       sed 's,\(PolyEvalCpuCode\)\.o[ :]*,../RunRules/Simulation/objects/c/\1.o ../RunRules/Simulation/objects/c/PolyEvalCpuCode.d : ,g' < ../RunRules/Simulation/objects/c/PolyEvalCpuCode.d.$$ > ../RunRules/Simulation/objects/c/PolyEvalCpuCode.d; \
Tue 22:32:       rm -f ../RunRules/Simulation/objects/c/PolyEvalCpuCode.d.$$
Tue 22:32: make[1]: Leaving directory `/home/demo/workspace/PolyEval/CPUCode'
Tue 22:32: make[1]: Entering directory `/home/demo/workspace/PolyEval/CPUCode'
Tue 22:32: "/opt/maxeler/maxcompiler/bin/sliccompile" ../RunRules/Simulation/maxfiles/PolyEval.max ../RunRules/Simulation/objects/maxfiles/slic_PolyEval.o
Tue 22:32: Processing maxfile for MAIA_SIM from '../RunRules/Simulation/maxfiles/PolyEval.max'.
Tue 22:32: /opt/maxeler/maxcompiler/lib/clang/bin/start.sh clang -fgnu89-inline -pipe -O0 -std=gnu99 -Wall -Werror -frandom-seed=foo -Wno-unused-variable -Wno-unused-function -fPIC -I /opt/maxeler/maxcompiler/include/slic -DMAXFILE_INC="/dev/null" -DSLIC_NO_DESTRUCTORS -c /tmp/sliccompile_5316388782884918403/cobject/max_8946147897774484148.c -o /tmp/sliccompile_5316388782884918403/cobject/max_8946147897774484148.c.o 
Tue 22:32: /opt/maxeler/maxcompiler/lib/clang/bin/start.sh clang -fgnu89-inline -pipe -O0 -std=gnu99 -Wall -Werror -frandom-seed=foo -Wno-unused-variable -Wno-unused-function -fPIC -I /opt/maxeler/maxcompiler/include/slic -DMAXFILE_INC="/home/demo/workspace/PolyEval/CPUCode/../RunRules/Simulation/maxfiles/PolyEval.max" -DSLIC_NO_DESTRUCTORS -c /opt/maxeler/maxcompiler/src/slicinterface/MaxFileInit.c -o max_294618343212269883.o 
Tue 22:32: ld -r /tmp/sliccompile_5316388782884918403/cobject/max_8946147897774484148.c.o max_294618343212269883.o -o slic_PolyEval.o 
Tue 22:32: Copying .max file C object into '/home/demo/workspace/PolyEval/CPUCode/../RunRules/Simulation/objects/maxfiles'
Tue 22:32: cc -std=gnu99 -g -O3 -Wall -Wextra -I../RunRules/Simulation/include  -I '/opt/maxeler/maxcompiler/include/slic'  -c PolyEvalCpuCode.c -o ../RunRules/Simulation/objects/c/PolyEvalCpuCode.o
Tue 22:32: cc -std=gnu99 -g -O3 -Wall -Wextra -I../RunRules/Simulation/include  -I '/opt/maxeler/maxcompiler/include/slic'  -o ../RunRules/Simulation/binaries/DefaultApplication ../RunRules/Simulation/objects/maxfiles/slic_PolyEval.o ../RunRules/Simulation/objects/c/PolyEvalCpuCode.o -g -O3  -L '/opt/maxeler/maxcompiler/lib' -lslic -L '/opt/maxeler/maxcompiler/lib/maxeleros-sim/lib' -lmaxeleros -lpthread -lm -lrt 
Tue 22:32: make[1]: Leaving directory `/home/demo/workspace/PolyEval/CPUCode'
Tue 22:32: Build completed: Tue Jan 24 22:32:08 GMT 2017


Tue 22:32: ########################################## 
Tue 22:32: Running
Tue 22:32: ########################################## 
Tue 22:32: Executing command:
Tue 22:32: '/home/demo/workspace/PolyEval/RunRules/Simulation/binaries/DefaultApplication' 
Tue 22:32: Command output:
Tue 22:32: Running DFE
Tue 22:32: dataOut[0] = 27.000000
Tue 22:32: dataOut[1] = 0.000000
Tue 22:32: dataOut[2] = 2.000000
Tue 22:32: dataOut[3] = 0.000000
Tue 22:32: dataOut[4] = 12.000000
Tue 22:32: dataOut[5] = 9.000000
Tue 22:32: dataOut[6] = 13122.000000
Tue 22:32: dataOut[7] = 729.000000
Tue 22:32: Process terminated with exit code 0.
