Tue 22:32: PROGRESS: MaxCompiler version: 2016.1.1
Tue 22:32: PROGRESS: Build "PolyEval" start time: Tue Jan 24 22:32:01 GMT 2017
Tue 22:32: PROGRESS: Main build process running as user demo on host localhost.localdomain
Tue 22:32: INFO    : Loading build properties from bundled MaxCompiler_build.conf...
Tue 22:32: INFO    : No default external build property file has been specified.
Tue 22:32: INFO    : (Set environment variable MAXCOMPILER_DEFAULT_CONF_FILE to assign one)
Tue 22:32: INFO    : Loading user build properties from: /home/demo/.MaxCompiler_build_user.conf
Tue 22:32: INFO    : No user-specified external build property file has been specified.
Tue 22:32: INFO    : (Set environment variable MAXCOMPILER_BUILD_CONF_FILE to assign one)
Tue 22:32: INFO    : Loading additional parameters from MAXCOMPILER_BUILD_CONF environment variable
Tue 22:32: PROGRESS: Build location: /home/demo/Desktop/MaxCompiler-Builds/PolyEval_MAIA_DFE_SIM
Tue 22:32: PROGRESS: Detailed build log available in "_build.log"
Tue 22:32: INFO    : Created build manager PolyEval (PolyEval_MAIA_DFE_SIM Tue Jan 24 22:32:01 GMT 2017). (22:32:01 24/01/17)
Tue 22:32: INFO    : Working in dir: /home/demo/Desktop/MaxCompiler-Builds/PolyEval_MAIA_DFE_SIM
Tue 22:32: INFO    : Java class path (2 paths):
Tue 22:32: INFO    : 	/home/demo/workspace/PolyEval/EngineCode/bin
Tue 22:32: INFO    : 	/opt/maxeler/maxcompiler/lib/MaxCompiler.jar
Tue 22:32: INFO    : Java process started by 'main' method in class 'polyeval.PolyEvalManager'.
Tue 22:32: INFO    : build.arbitrated_core_cache parameter is blank, not using core-cache
Tue 22:32: INFO    : Checking license files in directory: /opt/maxeler/maxcompiler/licenses
Tue 22:32: INFO    : All license signatures valid.
Tue 22:32: WARNING : No valid license for the component 'MaxCompiler_core' was found
Tue 22:32: WARNING : but a valid 'MaxCompiler_core_sim' license was found.
Tue 22:32: WARNING : Falling back to sim-only support
Tue 22:32: PROGRESS: Instantiating manager
Tue 22:32: PROGRESS: Instantiating kernel "PolyEvalKernel"
Tue 22:32: INFO    : Backing-up source-files (old source files in build directory will be removed first)...
Tue 22:32: INFO    : Source directories: /home/demo/workspace/PolyEval/EngineCode/src:
Tue 22:32: INFO    : Deleting directory: src
Tue 22:32: INFO    : Copying source-files took 4.38353 ms
Tue 22:32: PROGRESS: Compiling manager (CPU I/O Only)
Tue 22:32: PROGRESS: 
Tue 22:32: PROGRESS: Compiling kernel "PolyEvalKernel"
Tue 22:32: INFO    : Configuration:
Tue 22:32: INFO    : 	KernelConfiguration.additionalInputPipelining = 64                                          [Init: 64]
Tue 22:32: INFO    : 	KernelConfiguration.allowDSPCascading = true                                                [Init: true]
Tue 22:32: INFO    : 	KernelConfiguration.allowInputsOutputsBeforeFlushNode = false                               [Init: false]
Tue 22:32: INFO    : 	KernelConfiguration.allowZeroLatencyNodeHold = false                                        [Init: false]
Tue 22:32: INFO    : 	KernelConfiguration.board = MAX4848A                                                        [Init: MAX2116B, change: MAX4848A]
Tue 22:32: INFO    : 	KernelConfiguration.bramBitsThreshold = 2080                                                [Init: 2080]
Tue 22:32: INFO    : 	KernelConfiguration.buildTarget = MAXCOMPILERSIM_HOST_DRIVEN                                [Init: NONE, change: MAXCOMPILERSIM_HOST_DRIVEN]
Tue 22:32: INFO    : 	KernelConfiguration.cePipelining = 2                                                        [Init: 2]
Tue 22:32: INFO    : 	KernelConfiguration.clockPhaseBalanceThreshold = 0.1                                        [Init: 0.1]
Tue 22:32: INFO    : 	KernelConfiguration.clockPhasingRetries = 50                                                [Init: 50]
Tue 22:32: INFO    : 	KernelConfiguration.dumpNeighboursString =                                                  [Init: ]
Tue 22:32: INFO    : 	KernelConfiguration.enableCeReplication = true                                              [Init: true]
Tue 22:32: INFO    : 	KernelConfiguration.enableClockPhasePartitioning = false                                    [Init: false]
Tue 22:32: INFO    : 	KernelConfiguration.enableDebugIOControlRegs = true                                         [Init: true]
Tue 22:32: INFO    : 	KernelConfiguration.enableDummyBuild = false                                                [Init: false]
Tue 22:32: INFO    : 	KernelConfiguration.enableKernelProfiler = false                                            [Init: false]
Tue 22:32: INFO    : 	KernelConfiguration.enablePipelinedComputeController = false                                [Init: false]
Tue 22:32: INFO    : 	KernelConfiguration.enableShadowRegister = false                                            [Init: false]
Tue 22:32: INFO    : 	KernelConfiguration.enableSmartKernelControl = false                                        [Init: false]
Tue 22:32: INFO    : 	KernelConfiguration.fifoSrlRegisterStages = 1                                               [Init: 1]
Tue 22:32: INFO    : 	KernelConfiguration.flushOnInputDataCongtiguous = false                                     [Init: false]
Tue 22:32: INFO    : 	KernelConfiguration.hardwareDebugDepth = 512                                                [Init: 512]
Tue 22:32: INFO    : 	KernelConfiguration.hwHierarchyMode = UNSET                                                 [Init: UNSET]
Tue 22:32: INFO    : 	KernelConfiguration.latencyAnnotation = false                                               [Init: false]
Tue 22:32: INFO    : 	KernelConfiguration.latencyAnnotationAll = true                                             [Init: true]
Tue 22:32: INFO    : 	KernelConfiguration.latencyAnnotationIOs =                                                  [Init: null]
Tue 22:32: INFO    : 	KernelConfiguration.maxCoalescedFifoWidth = 2147483647                                      [Init: 2147483647]
Tue 22:32: INFO    : 	KernelConfiguration.maxPreAdderFanOut = 1                                                   [Init: 1]
Tue 22:32: INFO    : 	KernelConfiguration.netlistMode = false                                                     [Init: false]
Tue 22:32: INFO    : 	KernelConfiguration.numPhotonStateMachines = 1                                              [Init: 1]
Tue 22:32: INFO    : 	KernelConfiguration.optimizations.ceCounterRegisterDuplication = 1                          [Init: 1]
Tue 22:32: INFO    : 	KernelConfiguration.optimizations.conditionalArithmetic = true                              [Init: true]
Tue 22:32: INFO    : 	KernelConfiguration.optimizations.counterChainWrapPipelining = 0                            [Init: 0]
Tue 22:32: INFO    : 	KernelConfiguration.optimizations.dspAddChain = OPTIMISE                                    [Init: null, Init after BuildTarget change: OPTIMISE]
Tue 22:32: INFO    : 	KernelConfiguration.optimizations.enableActiveFanoutReduction = false                       [Init: false]
Tue 22:32: INFO    : 	KernelConfiguration.optimizations.enableBUFGCE = false                                      [Init: false]
Tue 22:32: INFO    : 	KernelConfiguration.optimizations.enableBetterInputRegistering = false                      [Init: false]
Tue 22:32: INFO    : 	KernelConfiguration.optimizations.enableBetterRegistering = false                           [Init: false]
Tue 22:32: INFO    : 	KernelConfiguration.optimizations.enableFIFOCoalescingAcrossPlacementConstraints = false    [Init: false]
Tue 22:32: INFO    : 	KernelConfiguration.optimizations.enableFifoCoalescing = true                               [Init: true]
Tue 22:32: INFO    : 	KernelConfiguration.optimizations.enableFullPrecisionBinaryOpConstants = false              [Init: false]
Tue 22:32: INFO    : 	KernelConfiguration.optimizations.enableIntegratedRounding = false                          [Init: false]
Tue 22:32: INFO    : 	KernelConfiguration.optimizations.enableMappedMemoryHostReadBack = true                     [Init: true]
Tue 22:32: INFO    : 	KernelConfiguration.optimizations.enableMultiCycleReset = false                             [Init: false]
Tue 22:32: INFO    : 	KernelConfiguration.optimizations.enablePowerTwoFloatMult = true                            [Init: true]
Tue 22:32: INFO    : 	KernelConfiguration.optimizations.enableRedundantNodeDeletion = true                        [Init: true]
Tue 22:32: INFO    : 	KernelConfiguration.optimizations.enableStateMachineRegisterMerging = true                  [Init: true]
Tue 22:32: INFO    : 	KernelConfiguration.optimizations.inlining = false                                          [Init: false]
Tue 22:32: INFO    : 	KernelConfiguration.optimizations.inputFlushDistanceFactor = 0                              [Init: 0]
Tue 22:32: INFO    : 	KernelConfiguration.optimizations.minimumStaticFIFOSplitDepth = 1                           [Init: 1]
Tue 22:32: INFO    : 	KernelConfiguration.optimizations.optimizationTechnique = DEFAULT                           [Init: DEFAULT]
Tue 22:32: INFO    : 	KernelConfiguration.optimizations.triAdd = true                                             [Init: true]
Tue 22:32: INFO    : 	KernelConfiguration.partialReconfBlockName =                                                [Init: ]
Tue 22:32: INFO    : 	KernelConfiguration.partialReconfMode = false                                               [Init: false]
Tue 22:32: INFO    : 	KernelConfiguration.partialReconfTemplate = false                                           [Init: false]
Tue 22:32: INFO    : 	KernelConfiguration.replicateNodeCeLog2NumPartitions = 0                                    [Init: 0]
Tue 22:32: INFO    : 	KernelConfiguration.romBRAMBitsThreshold = 2080                                             [Init: 2080]
Tue 22:32: INFO    : 	KernelConfiguration.simulation.ramAddressCollisionBehaviour = EXCEPTION                     [Init: EXCEPTION]
Tue 22:32: INFO    : 	KernelConfiguration.simulation.ramOutOfBoundsAccessBehaviour = EXCEPTION                    [Init: EXCEPTION]
Tue 22:32: INFO    : 	KernelConfiguration.simulation.simProgressMessageFrequency = 0                              [Init: 0]
Tue 22:32: INFO    : 	KernelConfiguration.useAsapScheduler = false                                                [Init: false]
Tue 22:32: INFO    : 
Tue 22:32: INFO    :  -- 
Tue 22:32: INFO    : Writing current graph to: PolyEval-PolyEvalKernel-original.pxg
Tue 22:32: INFO    : Running kernel graph-pass 'MarkConstantPass'.
Tue 22:32: INFO    : Graph-pass 'MarkConstantPass' took 18.8571 ms (1 iterations)
Tue 22:32: INFO    : Dumping graph 'original' with DotDumper.
Tue 22:32: INFO    : Deleting /home/demo/Desktop/MaxCompiler-Builds/PolyEval_MAIA_DFE_SIM/scratch/PolyEvalKernel.graphs
Tue 22:32: INFO    : Dumping graph 'original' with DotDumper took 17.1490 ms
Tue 22:32: INFO    : Deleting directory: neighbours
Tue 22:32: INFO    : Running Photon pre-schedule graph optimisations
Tue 22:32: INFO    : Running kernel graph-pass 'AlignOrEradicatePrintfs'.
Tue 22:32: INFO    : Graph-pass 'AlignOrEradicatePrintfs' took 63.2560 µs (1 iterations)
Tue 22:32: INFO    : Running kernel graph-pass 'FoldConstantsPass'.
Tue 22:32: INFO    : Graph-pass 'FoldConstantsPass' took 400.955 µs (1 iterations)
Tue 22:32: INFO    : Running kernel graph-pass 'OptimiseNodesPass'.
Tue 22:32: INFO    : Graph-pass 'OptimiseNodesPass' took 7.10419 ms (2 iterations)
Tue 22:32: INFO    : Running kernel graph-pass 'DeleteRedundantNodes'.
Tue 22:32: INFO    : Graph-pass 'DeleteRedundantNodes' took 72.0310 µs (1 iterations)
Tue 22:32: INFO    : Dumping graph 'pre_dsp_extraction' with DotDumper.
Tue 22:32: INFO    : Dumping graph 'pre_dsp_extraction' with DotDumper took 1.01079 ms
Tue 22:32: INFO    : Running kernel graph-pass 'AlteraDSPExtractionGraphPass'.
Tue 22:32: INFO    : Optimized 0 sub-graphs into DSP multiply/add chains 
Tue 22:32: INFO    : Graph-pass 'AlteraDSPExtractionGraphPass' took 1.28078 ms (1 iterations)
Tue 22:32: INFO    : Dumping graph 'post_dsp_extraction' with DotDumper.
Tue 22:32: INFO    : Dumping graph 'post_dsp_extraction' with DotDumper took 833.380 µs
Tue 22:32: INFO    : Running kernel graph-pass 'TriAddExtractionPass'.
Tue 22:32: INFO    : Graph-pass 'TriAddExtractionPass' took 37.5880 µs (1 iterations)
Tue 22:32: INFO    : Dumping graph 'pre_condadd_extraction' with DotDumper.
Tue 22:32: INFO    : Dumping graph 'pre_condadd_extraction' with DotDumper took 876.865 µs
Tue 22:32: INFO    : Running kernel graph-pass 'ConditionalAddExtractionPass'.
Tue 22:32: INFO    : Optimized 0 sub-graphs into conditional adds/subs/triadds.
Tue 22:32: INFO    : Graph-pass 'ConditionalAddExtractionPass' took 514.947 µs (1 iterations)
Tue 22:32: INFO    : Running kernel graph-pass 'ConditionalPosNegExtractionPass'.
Tue 22:32: INFO    : Graph-pass 'ConditionalPosNegExtractionPass' took 31.9970 µs (1 iterations)
Tue 22:32: INFO    : Running kernel graph-pass 'PO2FPMultOptimiser'.
Tue 22:32: INFO    : Graph-pass 'PO2FPMultOptimiser' took 53.1390 µs (1 iterations)
Tue 22:32: INFO    : Dumping graph 'optimised' with DotDumper.
Tue 22:32: INFO    : Dumping graph 'optimised' with DotDumper took 786.268 µs
Tue 22:32: INFO    : Running Photon simulation preparation
Tue 22:32: INFO    : Running kernel graph-pass 'PrepareSimulationPass'.
Tue 22:32: INFO    : Graph-pass 'PrepareSimulationPass' took 33.9580 µs (1 iterations)
Tue 22:32: INFO    : Logging Photon stats to: PolyEvalKernel_photon_stats.csv
Tue 22:32: INFO    : Deleting /home/demo/Desktop/MaxCompiler-Builds/PolyEval_MAIA_DFE_SIM/scratch/PolyEvalKernel_photon_stats.csv
Tue 22:32: INFO    : Running kernel graph-pass 'StatsPass'.
Tue 22:32: INFO    : Graph-pass 'StatsPass' took 794.197 µs (1 iterations)
Tue 22:32: INFO    : Running kernel graph-pass 'CollectNumericExceptions'.
Tue 22:32: INFO    : Graph-pass 'CollectNumericExceptions' took 40.2130 µs (1 iterations)
Tue 22:32: INFO    : Running kernel graph-pass 'StreamOffsetDivExpand'.
Tue 22:32: INFO    : Graph-pass 'StreamOffsetDivExpand' took 78.0710 µs (1 iterations)
Tue 22:32: INFO    : Running kernel graph-pass 'ReachabilityPass'.
Tue 22:32: INFO    : Graph-pass 'ReachabilityPass' took 107.397 µs (1 iterations)
Tue 22:32: INFO    : Running kernel graph-pass 'ReachabilityPass'.
Tue 22:32: INFO    : Graph-pass 'ReachabilityPass' took 22.1910 µs (1 iterations)
Tue 22:32: INFO    : Running kernel graph-pass 'FindInputsLeadingToFlush'.
Tue 22:32: INFO    : Graph-pass 'FindInputsLeadingToFlush' took 59.2340 µs (1 iterations)
Tue 22:32: INFO    : Running kernel graph-pass 'CheckForStatefulToFlushViolations'.
Tue 22:32: INFO    : Graph-pass 'CheckForStatefulToFlushViolations' took 196.327 µs (1 iterations)
Tue 22:32: INFO    : Running kernel graph-pass 'CheckForInputToFlushViolations'.
Tue 22:32: INFO    : Graph-pass 'CheckForInputToFlushViolations' took 492.784 µs (1 iterations)
Tue 22:32: INFO    : Running kernel graph-pass 'FindIllegalLoops'.
Tue 22:32: INFO    : Graph-pass 'FindIllegalLoops' took 353.984 µs (1 iterations)
Tue 22:32: INFO    : Running kernel graph-pass 'AddNodeSchedulingConstraints'.
Tue 22:32: INFO    : Graph-pass 'AddNodeSchedulingConstraints' took 34.4200 µs (1 iterations)
Tue 22:32: INFO    : Running kernel graph-pass 'MarkConstantPass'.
Tue 22:32: INFO    : Graph-pass 'MarkConstantPass' took 51.0610 µs (1 iterations)
Tue 22:32: INFO    : Running kernel graph-pass 'ScheduleVariables'.
Tue 22:32: INFO    : Graph-pass 'ScheduleVariables' took 1.50918 ms (1 iterations)
Tue 22:32: INFO    : Running kernel graph-pass 'SubstituteEqPlaceholders'.
Tue 22:32: INFO    : Graph-pass 'SubstituteEqPlaceholders' took 52.4670 µs (1 iterations)
Tue 22:32: INFO    : Running kernel graph-pass 'ScheduleApplier'.
Tue 22:32: INFO    : Graph-pass 'ScheduleApplier' took 330.986 µs (1 iterations)
Tue 22:32: INFO    : Running kernel graph-pass 'MarkConstantPass'.
Tue 22:32: INFO    : Graph-pass 'MarkConstantPass' took 49.0950 µs (1 iterations)
Tue 22:32: INFO    : Running kernel graph-pass 'ScheduleDumper'.
Tue 22:32: INFO    : Graph-pass 'ScheduleDumper' took 843.440 µs (1 iterations)
Tue 22:32: INFO    : Running Photon post-schedule graph optimisations (pass 1)
Tue 22:32: INFO    : Running kernel graph-pass 'TapFIFOsPass'.
Tue 22:32: INFO    : Graph-pass 'TapFIFOsPass' took 178.621 µs (1 iterations)
Tue 22:32: INFO    : Running kernel graph-pass 'FoldFIFOsPass'.
Tue 22:32: INFO    : Graph-pass 'FoldFIFOsPass' took 85.5280 µs (1 iterations)
Tue 22:32: INFO    : Dumping graph 'tapnfold_1' with DotDumper.
Tue 22:32: INFO    : Dumping graph 'tapnfold_1' with DotDumper took 8.06829 ms
Tue 22:32: INFO    : Running kernel graph-pass 'MarkConstantPass'.
Tue 22:32: INFO    : Graph-pass 'MarkConstantPass' took 75.2930 µs (1 iterations)
Tue 22:32: INFO    : Running kernel graph-pass 'OptimiseVariableFIFOs'.
Tue 22:32: INFO    : Graph-pass 'OptimiseVariableFIFOs' took 46.2880 µs (1 iterations)
Tue 22:32: INFO    : Dumping graph 'validated_fifos' with DotDumper.
Tue 22:32: INFO    : Dumping graph 'validated_fifos' with DotDumper took 1.25195 ms
Tue 22:32: INFO    : Running kernel graph-pass 'MarkConstantPass'.
Tue 22:32: INFO    : Graph-pass 'MarkConstantPass' took 66.4290 µs (1 iterations)
Tue 22:32: INFO    : Running kernel graph-pass 'ScheduleDumper'.
Tue 22:32: INFO    : Graph-pass 'ScheduleDumper' took 984.288 µs (1 iterations)
Tue 22:32: INFO    : Running kernel graph-pass 'MarkConstantPass'.
Tue 22:32: INFO    : Graph-pass 'MarkConstantPass' took 54.2590 µs (1 iterations)
Tue 22:32: INFO    : Running kernel graph-pass 'ScheduleConstants'.
Tue 22:32: INFO    : Running command: "/opt/maxeler/maxcompiler/bin/cbc" "PolyEvalKernel_schedule_C.mps.gz" -solve  -printi csv -solu "PolyEvalKernel_schedule_C.csv" > "PolyEvalKernel_schedule_C.stdout.log"
Tue 22:32: INFO    : Checking for file hash changes...
Tue 22:32: INFO    : No changes.
Tue 22:32: INFO    : Optimum found: 0
Tue 22:32: INFO    : Graph-pass 'ScheduleConstants' took 31.3271 ms (1 iterations)
Tue 22:32: INFO    : Running kernel graph-pass 'MarkConstantPass'.
Tue 22:32: INFO    : Graph-pass 'MarkConstantPass' took 69.8380 µs (1 iterations)
Tue 22:32: INFO    : Running kernel graph-pass 'ScheduleDumper'.
Tue 22:32: INFO    : Graph-pass 'ScheduleDumper' took 891.494 µs (1 iterations)
Tue 22:32: INFO    : Running kernel graph-pass 'SubstituteEqPlaceholders'.
Tue 22:32: INFO    : Graph-pass 'SubstituteEqPlaceholders' took 56.1980 µs (1 iterations)
Tue 22:32: INFO    : Running kernel graph-pass 'RemoveDistMeasurementNodes'.
Tue 22:32: INFO    : Graph-pass 'RemoveDistMeasurementNodes' took 11.8150 µs (1 iterations)
Tue 22:32: INFO    : Running kernel graph-pass 'ScheduleApplier'.
Tue 22:32: INFO    : Graph-pass 'ScheduleApplier' took 214.182 µs (1 iterations)
Tue 22:32: INFO    : Maximum stream latency for kernel 'PolyEvalKernel': 1023
Tue 22:32: INFO    : Using user logic for flush.
Tue 22:32: INFO    : Running Photon post-schedule graph optimisations (pass 2)
Tue 22:32: INFO    : Running kernel graph-pass 'TapFIFOsPass'.
Tue 22:32: INFO    : Graph-pass 'TapFIFOsPass' took 177.797 µs (1 iterations)
Tue 22:32: INFO    : Running kernel graph-pass 'FoldFIFOsPass'.
Tue 22:32: INFO    : Graph-pass 'FoldFIFOsPass' took 76.6170 µs (1 iterations)
Tue 22:32: INFO    : Dumping graph 'tapnfold_2' with DotDumper.
Tue 22:32: INFO    : Dumping graph 'tapnfold_2' with DotDumper took 859.826 µs
Tue 22:32: INFO    : Running kernel graph-pass 'MarkConstantPass'.
Tue 22:32: INFO    : Graph-pass 'MarkConstantPass' took 49.2100 µs (1 iterations)
Tue 22:32: INFO    : Running kernel graph-pass 'ScheduleAsserter'.
Tue 22:32: INFO    : Graph-pass 'ScheduleAsserter' took 161.654 µs (1 iterations)
Tue 22:32: INFO    : Running kernel graph-pass 'ReplaceEvalStreamOffsetNodes'.
Tue 22:32: INFO    : Graph-pass 'ReplaceEvalStreamOffsetNodes' took 31.7360 µs (1 iterations)
Tue 22:32: INFO    : Running kernel graph-pass 'FIFOReport'.
Tue 22:32: INFO    : Graph-pass 'FIFOReport' took 341.719 µs (1 iterations)
Tue 22:32: INFO    : Running kernel graph-pass 'StatsPass'.
Tue 22:32: INFO    : Graph-pass 'StatsPass' took 426.618 µs (1 iterations)
Tue 22:32: INFO    : Running kernel graph-pass 'RemoveUntypedConstants'.
Tue 22:32: INFO    : Graph-pass 'RemoveUntypedConstants' took 2.68037 ms (1 iterations)
Tue 22:32: INFO    : Running kernel graph-pass 'VariableSizeMappedRegInserter'.
Tue 22:32: INFO    : Graph-pass 'VariableSizeMappedRegInserter' took 43.9890 µs (1 iterations)
Tue 22:32: INFO    : Running kernel graph-pass 'MarkConstantPass'.
Tue 22:32: INFO    : Graph-pass 'MarkConstantPass' took 52.4890 µs (1 iterations)
Tue 22:32: INFO    : Running kernel graph-pass 'MakeMaxFileNodeData'.
Tue 22:32: INFO    : Graph-pass 'MakeMaxFileNodeData' took 1.76471 ms (1 iterations)
Tue 22:32: INFO    : Running kernel graph-pass 'MoveFanoutRegsForwards'.
Tue 22:32: INFO    : Graph-pass 'MoveFanoutRegsForwards' took 47.5680 µs (1 iterations)
Tue 22:32: INFO    : Dumping graph 'final' with DotDumper.
Tue 22:32: INFO    : Dumping graph 'final' with DotDumper took 1.20711 ms
Tue 22:32: INFO    : Running kernel graph-pass 'FIFOReportDotDump'.
Tue 22:32: INFO    : Graph-pass 'FIFOReportDotDump' took 1.15004 ms (1 iterations)
Tue 22:32: INFO    : Running kernel graph-pass 'FIFOReportDotDump'.
Tue 22:32: INFO    : Graph-pass 'FIFOReportDotDump' took 1.35749 ms (1 iterations)
Tue 22:32: INFO    : Running kernel graph-pass 'StallScopeDump'.
Tue 22:32: INFO    : Graph-pass 'StallScopeDump' took 2.25729 ms (1 iterations)
Tue 22:32: INFO    : Optimization report for Kernel 'PolyEvalKernel'.
Tue 22:32: INFO    : Enabled optimizations:
Tue 22:32: INFO    : 	DSP-MultAdd
Tue 22:32: INFO    : 	Tri-Adder
Tue 22:32: INFO    : 	Conditional (Tri)Adds/Subs/AddSubs
Tue 22:32: INFO    : 	Power-of-2 Floating Point
Tue 22:32: INFO    : Creating a preliminary MaxCompilerDesignData.dat. (@ CoreCompile PolyEvalKernel)
Tue 22:32: INFO    : Deleting /home/demo/Desktop/MaxCompiler-Builds/PolyEval_MAIA_DFE_SIM/scratch/MaxCompilerDesignData.dat
Tue 22:32: INFO    : Total compilation of 'PolyEvalKernel' took 232.471 ms.
Tue 22:32: INFO    : Manager Configuration:
Tue 22:32: INFO    : 	ManagerConfiguration.allowNonMultipleTransitions = false                   [Init: false]
Tue 22:32: INFO    : 	ManagerConfiguration.board = MAX4848A                                      [Init: null, init: MAX4848A]
Tue 22:32: INFO    : 	ManagerConfiguration.build.buildEffort = MEDIUM                            [Init: MEDIUM]
Tue 22:32: INFO    : 	ManagerConfiguration.build.enableChipScopeInserter = false                 [Init: false]
Tue 22:32: INFO    : 	ManagerConfiguration.build.enableTimingAnalysis = true                     [Init: true]
Tue 22:32: INFO    : 	ManagerConfiguration.build.level = FULL_BUILD                              [Init: FULL_BUILD]
Tue 22:32: INFO    : 	ManagerConfiguration.build.mpprContinueAfterMeetingTiming = false          [Init: false]
Tue 22:32: INFO    : 	ManagerConfiguration.build.mpprCtMax = 1                                   [Init: 1]
Tue 22:32: INFO    : 	ManagerConfiguration.build.mpprCtMin = 1                                   [Init: 1]
Tue 22:32: INFO    : 	ManagerConfiguration.build.mpprParallelism = 1                             [Init: 1]
Tue 22:32: INFO    : 	ManagerConfiguration.build.mpprRetryMissesThrshld = 0                      [Init: 0]
Tue 22:32: INFO    : 	ManagerConfiguration.build.optimizationGoal = BALANCED                     [Init: BALANCED]
Tue 22:32: INFO    : 	ManagerConfiguration.build.physSynthAsyncPipelining = AUTO                 [Init: AUTO]
Tue 22:32: INFO    : 	ManagerConfiguration.build.physSynthCombLogic = AUTO                       [Init: AUTO]
Tue 22:32: INFO    : 	ManagerConfiguration.build.physSynthCombLogicForArea = AUTO                [Init: AUTO]
Tue 22:32: INFO    : 	ManagerConfiguration.build.physSynthEffort = AUTO                          [Init: AUTO]
Tue 22:32: INFO    : 	ManagerConfiguration.build.physSynthRegDuplication = AUTO                  [Init: AUTO]
Tue 22:32: INFO    : 	ManagerConfiguration.build.physSynthRetiming = AUTO                        [Init: AUTO]
Tue 22:32: INFO    : 	ManagerConfiguration.build.physicalSynthesis = false                       [Init: false]
Tue 22:32: INFO    : 	ManagerConfiguration.buildTarget = DFE_SIM                                 [Init: null, init: DFE_SIM]
Tue 22:32: INFO    : 	ManagerConfiguration.debug.chipscopeCaptureDepth = 4096                    [Init: 4096]
Tue 22:32: INFO    : 	ManagerConfiguration.debug.fifoUnderOverFlowRegs = false                   [Init: false]
Tue 22:32: INFO    : 	ManagerConfiguration.debug.memCtlDebugRegs = true                          [Init: true]
Tue 22:32: INFO    : 	ManagerConfiguration.debug.memCtlExtraDebugRegs = false                    [Init: false]
Tue 22:32: INFO    : 	ManagerConfiguration.debug.memMarginingSupport = false                     [Init: false]
Tue 22:32: INFO    : 	ManagerConfiguration.debug.memPhyDebugRegister = NONE                      [Init: NONE]
Tue 22:32: INFO    : 	ManagerConfiguration.debug.memPllLockDebugRegs = true                      [Init: true]
Tue 22:32: INFO    : 	ManagerConfiguration.debug.streamStatus = false                            [Init: false]
Tue 22:32: INFO    : 	ManagerConfiguration.debug.streamStatusChecksums = false                   [Init: false]
Tue 22:32: INFO    : 	ManagerConfiguration.dram.commandEchoModeEnabled = false                   [Init: false]
Tue 22:32: INFO    : 	ManagerConfiguration.dram.commandEchoModeFifoDepth = 512                   [Init: 512]
Tue 22:32: INFO    : 	ManagerConfiguration.dram.commandEchoModeStreamAlmostEmptyLatency = 792    [Init: 792]
Tue 22:32: INFO    : 	ManagerConfiguration.dram.commandEchoModeStreamAlmostEmptyLatency = 8      [Init: 8]
Tue 22:32: INFO    : 	ManagerConfiguration.dram.commandEchoModeStreamStallLatency = 8            [Init: 8]
Tue 22:32: INFO    : 	ManagerConfiguration.dram.max4m_GALAVA_MCP_UseRefClk = false               [Init: false]
Tue 22:32: INFO    : 	ManagerConfiguration.dram.max4m_MAIA_MCP_UseRefClk = false                 [Init: false]
Tue 22:32: INFO    : 	ManagerConfiguration.enableMPCX = false                                    [Init: false, init: false]
Tue 22:32: INFO    : 	ManagerConfiguration.maxring.maxringConnections = []                       [Init: []]
Tue 22:32: INFO    : 	ManagerConfiguration.maxring.maxringNumLanes = {}                          [Init: {}]
Tue 22:32: INFO    : 	ManagerConfiguration.multiCycleMappedMemoryBus = false                     [Init: false]
Tue 22:32: INFO    : 	ManagerConfiguration.pcie.numPCIeLanes = 8                                 [Init: 0, change: 8]
Tue 22:32: INFO    : 	ManagerConfiguration.pcie.pcieFastClock = true                             [Init: false, change: true]
Tue 22:32: INFO    : 	ManagerConfiguration.pcie.streamFromHostMaxNum = 0                         [Init: 0]
Tue 22:32: INFO    : 	ManagerConfiguration.pcie.streamToHostMaxNum = 0                           [Init: 0]
Tue 22:32: INFO    : 	ManagerConfiguration.persona.boardModel = MAX4848A                         [Init: null, change: MAX4848A]
Tue 22:32: INFO    : 	ManagerConfiguration.persona.ddr3Enable = false                            [Init: false]
Tue 22:32: INFO    : 	ManagerConfiguration.persona.ddr3Frq = 400.0                               [Init: 400.0]
Tue 22:32: INFO    : 	ManagerConfiguration.persona.ddr3Qmode = false                             [Init: false]
Tue 22:32: INFO    : 	ManagerConfiguration.persona.disableMultiplePersona = true                 [Init: true]
Tue 22:32: INFO    : 	ManagerConfiguration.persona.dynamic_scaling = false                       [Init: false]
Tue 22:32: INFO    : 	ManagerConfiguration.persona.enableCPLDOverrideOutpus = false              [Init: false]
Tue 22:32: INFO    : 	ManagerConfiguration.persona.enableJDFEPTPTestLogic = false                [Init: false]
Tue 22:32: INFO    : 	ManagerConfiguration.persona.maxRingLocal = false                          [Init: false]
Tue 22:32: INFO    : 	ManagerConfiguration.persona.maxRingOptical = false                        [Init: false]
Tue 22:32: INFO    : 	ManagerConfiguration.persona.maxringDataRate = 2500.0                      [Init: 2500.0]
Tue 22:32: INFO    : 	ManagerConfiguration.persona.maxringOpticalDataRate = 10000.0              [Init: 10000.0]
Tue 22:32: INFO    : 	ManagerConfiguration.persona.mode = InitMode                               [Init: InitMode]
Tue 22:32: INFO    : 	ManagerConfiguration.persona.panMaxRingA = false                           [Init: false]
Tue 22:32: INFO    : 	ManagerConfiguration.persona.panMaxRingB = false                           [Init: false]
Tue 22:32: INFO    : 	ManagerConfiguration.persona.personaInterfaceVersion = 1                   [Init: 1]
Tue 22:32: INFO    : 	ManagerConfiguration.persona.qdr2Enable = false                            [Init: false]
Tue 22:32: INFO    : 	ManagerConfiguration.persona.qdr2Frq = 350.0                               [Init: 350.0]
Tue 22:32: INFO    : 	ManagerConfiguration.persona.streamClks = 1                                [Init: 1]
Tue 22:32: INFO    : 	ManagerConfiguration.persona.streamFrq = [100.0]                           [Init: [150.0], change: [100.0]]
Tue 22:32: INFO    : 	ManagerConfiguration.persona.streamPs = [0]                                [Init: [0]]
Tue 22:32: INFO    : 	ManagerConfiguration.persona.usePCIeGen1 = false                           [Init: false]
Tue 22:32: INFO    : 	ManagerConfiguration.simulation.nativeFloatingPoint = false                [Init: false]
Tue 22:32: INFO    : 	ManagerConfiguration.streamClockFrq = 100                                  [Init: 100]
Tue 22:32: INFO    : 	ManagerConfiguration.useLegacyStreamFIFOs = false                          [Init: false]
Tue 22:32: INFO    : 
Tue 22:32: INFO    :  -- 
Tue 22:32: INFO    : Running kernel graph-pass 'MarkConstantPass'.
Tue 22:32: INFO    : Graph-pass 'MarkConstantPass' took 219.804 µs (1 iterations)
Tue 22:32: INFO    : Running kernel graph-pass 'MaxConstantLatency'.
Tue 22:32: INFO    : Graph-pass 'MaxConstantLatency' took 270.809 µs (1 iterations)
Tue 22:32: INFO    : Running kernel graph-pass 'SimCodeGraphPass'.
Tue 22:32: INFO    : Graph-pass 'SimCodeGraphPass' took 8.68792 ms (1 iterations)
Tue 22:32: INFO    : Writing current graph to: PolyEval-PolyEvalKernel-final-simulation.pxg
Tue 22:32: INFO    : Running kernel graph-pass 'GeneratePXG'.
Tue 22:32: INFO    : Graph-pass 'GeneratePXG' took 8.75730 ms (1 iterations)
Tue 22:32: INFO    : Deleting /home/demo/Desktop/MaxCompiler-Builds/PolyEval_MAIA_DFE_SIM/scratch/Manager_PolyEval.graphs
Tue 22:32: INFO    : Running manager compiler graph-pass: GenerateMXGInfo
Tue 22:32: INFO    : Running manager compiler graph-pass: ScheduleStallLatency
Tue 22:32: INFO    : Running manager compiler graph-pass: ClockWidthAssignment
Tue 22:32: INFO    : Running manager compiler graph-pass: InsertDualAspectLogic
Tue 22:32: INFO    : Running manager compiler graph-pass: ClockWidthAssignment
Tue 22:32: INFO    : Running manager compiler graph-pass: InsertPullPushAdapter
Tue 22:32: INFO    : Running manager compiler graph-pass: ClockWidthAssignment
Tue 22:32: INFO    : Running manager compiler graph-pass: InsertStreamFifos
Tue 22:32: INFO    : Running manager compiler graph-pass: ClockWidthAssignment
Tue 22:32: INFO    : Running manager compiler graph-pass: InsertStreamStatus
Tue 22:32: INFO    : Running manager compiler graph-pass: InsertChipscope
Tue 22:32: INFO    : Inserted 0 chipscope manager nodes.
Tue 22:32: INFO    : Running manager compiler graph-pass: ClockWidthAssignment
Tue 22:32: INFO    : Running manager compiler graph-pass: ReportClockAssignments
Tue 22:32: INFO    : Running manager compiler graph-pass: BuildSoftwareSim
Tue 22:32: INFO    : Mapped register report:
Tue 22:32: INFO    : 	0	io_input_force_disabled	1bytes
Tue 22:32: INFO    : 	1	io_exp_force_disabled	1bytes
Tue 22:32: INFO    : 	2	io_expVals_force_disabled	1bytes
Tue 22:32: INFO    : 	3	io_output_force_disabled	1bytes
Tue 22:32: INFO    : 	4	run_cycle_count	6bytes
Tue 22:32: INFO    : 	a	current_run_cycle_count	6bytes
Tue 22:32: INFO    : 	10	dbg_ctld_almost_empty	1bytes
Tue 22:32: INFO    : 	11	dbg_ctld_done	1bytes
Tue 22:32: INFO    : 	12	dbg_ctld_empty	1bytes
Tue 22:32: INFO    : 	13	dbg_ctld_read	1bytes
Tue 22:32: INFO    : 	14	dbg_ctld_read_pipe_dbg	2bytes
Tue 22:32: INFO    : 	16	dbg_ctld_request	1bytes
Tue 22:32: INFO    : 	17	dbg_done_out	1bytes
Tue 22:32: INFO    : 	18	dbg_fill_level	2bytes
Tue 22:32: INFO    : 	1a	dbg_flush_level	2bytes
Tue 22:32: INFO    : 	1c	dbg_flush_start	1bytes
Tue 22:32: INFO    : 	1d	dbg_flush_start_level	2bytes
Tue 22:32: INFO    : 	1f	dbg_flushing	1bytes
Tue 22:32: INFO    : 	20	dbg_full_level	2bytes
Tue 22:32: INFO    : 	22	dbg_out_stall	1bytes
Tue 22:32: INFO    : 	23	dbg_out_valid	1bytes
Tue 22:32: INFO    : 	24	dbg_stall_vector	1bytes
Tue 22:32: INFO    : 	25	ifpga_ctrl	1bytes
Tue 22:32: INFO    : 	26	SFA_FORWARD_EN	4bytes
Tue 22:32: INFO    : Mapped register chain length = 42
Tue 22:32: INFO    : Mapped register efficiency = 0.63 (210 / 336 bits)
Tue 22:32: INFO    : Mapped memory report:
Tue 22:32: INFO    : 	No mapped memories in this design.
Tue 22:32: INFO    : Running manager compiler graph-pass: GenerateMXGInfo
Tue 22:32: INFO    : Running manager compiler graph-pass: GenerateSlicHostCode
Tue 22:32: INFO    : Generating SLIC interface information
Tue 22:32: INFO    : Generating SLIC code for interface 'default'
Tue 22:32: INFO    : Skipping blacklisted scalar parameter 'PolyEvalKernel.current_run_cycle_count'
Tue 22:32: INFO    : Interface 'default' depends on parameter 'length'
Tue 22:32: INFO    : Generating XML description for Maxfile
Tue 22:32: INFO    : Generating XML description for mode 'default'
Tue 22:32: INFO    : Skipping blacklisted scalar parameter 'PolyEvalKernel.current_run_cycle_count'
Tue 22:32: INFO    : Interface 'default' depends on parameter 'length'
Tue 22:32: INFO    : Adding SLIC sections to the maxfile
Tue 22:32: INFO    : Adding user files to the maxfile
Tue 22:32: INFO    : Generating SLIC include file
Tue 22:32: INFO    : Done generating SLIC interface information
Tue 22:32: PROGRESS: Running back-end simulation build (3 phases)
Tue 22:32: PROGRESS: (1/3) - Prepare MaxFile Data (GenerateMaxFileDataFile)
Tue 22:32: INFO    : Build pass 'GenerateMaxFileDataFile' took 13.1690 ms.
Tue 22:32: PROGRESS: (2/3) - Compile Simulation Modules (SimCompilePass)
Tue 22:32: INFO    : Running command: make -j1
Tue 22:32: INFO    : Checking for file hash changes...
Tue 22:32: INFO    : Hash changed for file: 'tmp_resource_dump/PolyEvalKernel_exec0.cpp'
Tue 22:32: INFO    : Hash changed for file: 'tmp_resource_dump/PolyEvalKernel.cpp'
Tue 22:32: INFO    : Hash changed for file: 'tmp_resource_dump/PolyEvalKernel.h'
Tue 22:32: INFO    : Hash changed for file: '../../MaxCompilerDesignData.dat'
Tue 22:32: INFO    : /opt/maxeler/maxcompiler/lib/clang/bin/start.sh clang++ -c -MMD -MT objdir/stdsimheader.h.O0Impl -MF objdir/stdsimheader.h.O0Impl -std=c++11 -fPIC -B/opt/maxeler/maxcompiler/lib/gcc -fbracket-depth=1024 -D__USE_XOPEN2K8 -O3 -Wno-format  -I. -I/opt/maxeler/maxcompiler/lib/maxeleros-sim/include -I/opt/maxeler/maxcompiler/lib/lwip_sim -I/opt/maxeler/maxcompiler/lib/lwip_sim/include -I/opt/maxeler/maxcompiler/lib/lwip_sim/include/arch -I/opt/maxeler/maxcompiler/lib/lwip_sim/include/ipv4  -DHAVE_KERNELS -DMAXFILE_INC="../../MaxCompilerDesignData.dat" -g0  -DSLIC_NO_DECLARATIONS   -O0 -DOPTIMIZATION_LEVEL=0 -x c++-header \
Tue 22:32: INFO    : 		-o stdsimheader.h.gch/O0_stdsimheader.h.gch stdsimheader.h
Tue 22:32: INFO    : /opt/maxeler/maxcompiler/lib/clang/bin/start.sh clang++ -c -MMD -MT objdir/stdsimheader.h.O2 -MF objdir/stdsimheader.h.O2 -std=c++11 -fPIC -B/opt/maxeler/maxcompiler/lib/gcc -fbracket-depth=1024 -D__USE_XOPEN2K8 -O3 -Wno-format  -I. -I/opt/maxeler/maxcompiler/lib/maxeleros-sim/include -I/opt/maxeler/maxcompiler/lib/lwip_sim -I/opt/maxeler/maxcompiler/lib/lwip_sim/include -I/opt/maxeler/maxcompiler/lib/lwip_sim/include/arch -I/opt/maxeler/maxcompiler/lib/lwip_sim/include/ipv4  -DHAVE_KERNELS -DMAXFILE_INC="../../MaxCompilerDesignData.dat" -g0  -DSLIC_NO_DECLARATIONS   -fno-implicit-templates -O2 -DOPTIMIZATION_LEVEL=2 -x c++-header \
Tue 22:32: INFO    : 		-o stdsimheader.h.gch/NoTplInst_O2_stdsimheader.h.gch stdsimheader.h
Tue 22:32: INFO    : make PolyEval.so
Tue 22:32: INFO    : make[1]: Entering directory `/home/demo/Desktop/MaxCompiler-Builds/PolyEval_MAIA_DFE_SIM/scratch/software-sim/build'
Tue 22:32: INFO    : /opt/maxeler/maxcompiler/lib/clang/bin/start.sh clang++ -c -MMD -MT objdir/PolyEvalKernel_exec0.NoTplInst.O2.o -MF objdir/PolyEvalKernel_exec0.NoTplInst.O2.d -std=c++11 -fPIC -B/opt/maxeler/maxcompiler/lib/gcc -fbracket-depth=1024 -D__USE_XOPEN2K8 -O3 -Wno-format  -I. -I/opt/maxeler/maxcompiler/lib/maxeleros-sim/include -I/opt/maxeler/maxcompiler/lib/lwip_sim -I/opt/maxeler/maxcompiler/lib/lwip_sim/include -I/opt/maxeler/maxcompiler/lib/lwip_sim/include/arch -I/opt/maxeler/maxcompiler/lib/lwip_sim/include/ipv4  -DHAVE_KERNELS -DMAXFILE_INC="../../MaxCompilerDesignData.dat" -g0  -DSLIC_NO_DECLARATIONS   -fno-implicit-templates -include-pch stdsimheader.h.gch -O2 -DOPTIMIZATION_LEVEL=2 -o objdir/PolyEvalKernel_exec0.NoTplInst.O2.o PolyEvalKernel_exec0.cpp
Tue 22:32: INFO    : /opt/maxeler/maxcompiler/lib/clang/bin/start.sh clang++ -c -MMD -MT objdir/PolyEvalKernel.O0.o -MF objdir/PolyEvalKernel.O0.d -std=c++11 -fPIC -B/opt/maxeler/maxcompiler/lib/gcc -fbracket-depth=1024 -D__USE_XOPEN2K8 -O3 -Wno-format  -I. -I/opt/maxeler/maxcompiler/lib/maxeleros-sim/include -I/opt/maxeler/maxcompiler/lib/lwip_sim -I/opt/maxeler/maxcompiler/lib/lwip_sim/include -I/opt/maxeler/maxcompiler/lib/lwip_sim/include/arch -I/opt/maxeler/maxcompiler/lib/lwip_sim/include/ipv4  -DHAVE_KERNELS -DMAXFILE_INC="../../MaxCompilerDesignData.dat" -g0  -DSLIC_NO_DECLARATIONS   -include-pch stdsimheader.h.gch -O0 -DOPTIMIZATION_LEVEL=0 -o objdir/PolyEvalKernel.O0.o PolyEvalKernel.cpp
Tue 22:32: INFO    : /opt/maxeler/maxcompiler/lib/clang/bin/start.sh clang++ -c -MMD -MT objdir/max_msi.O0.o -MF objdir/max_msi.O0.d -std=c++11 -fPIC -B/opt/maxeler/maxcompiler/lib/gcc -fbracket-depth=1024 -D__USE_XOPEN2K8 -O3 -Wno-format  -I. -I/opt/maxeler/maxcompiler/lib/maxeleros-sim/include -I/opt/maxeler/maxcompiler/lib/lwip_sim -I/opt/maxeler/maxcompiler/lib/lwip_sim/include -I/opt/maxeler/maxcompiler/lib/lwip_sim/include/arch -I/opt/maxeler/maxcompiler/lib/lwip_sim/include/ipv4  -DHAVE_KERNELS -DMAXFILE_INC="../../MaxCompilerDesignData.dat" -g0  -DSLIC_NO_DECLARATIONS   -include-pch stdsimheader.h.gch -O0 -DOPTIMIZATION_LEVEL=0 -o objdir/max_msi.O0.o max_msi.cpp
Tue 22:32: INFO    : In file included from max_msi.cpp:15:
Tue 22:32: INFO    : ./MaxFile.h:4:9: warning: '_QUOTE' macro redefined [-Wmacro-redefined]
Tue 22:32: INFO    : #define _QUOTE(what) #what
Tue 22:32: INFO    :         ^
Tue 22:32: INFO    : /opt/maxeler/maxcompiler/lib/maxeleros-sim/include/maxrt_error.h:87:9: note: previous definition is here
Tue 22:32: INFO    : #define _QUOTE(x) #x
Tue 22:32: INFO    :         ^
Tue 22:32: INFO    : 1 warning generated.
Tue 22:32: INFO    : /opt/maxeler/maxcompiler/lib/clang/bin/start.sh clang++ -fPIC -shared -B/opt/maxeler/maxcompiler/lib/gcc -lrt -pthread -O2 -s  -o PolyEval.so objdir/PolyEvalKernel_exec0.NoTplInst.O2.o objdir/PolyEvalKernel.O0.o objdir/PolyEvalKernel_Templates.O2.o objdir/max_msi.O0.o StructToGroupDummy.o Mux.o DualAspectMux.o Demux.o Fanout.o CapRegs.o IFPGARegs.o ChecksumMem.o PCIe.o KernelManagerBlockSync.o DualAspectReg.o PullPushAdapter.o FilePullSource.o max_shared_fifo.o SharedFIFO.o Fifos.o FilePushSink.o SimTerminator.o Watch.o StreamStatus.o RunLengthExpander.o ManagerBlock.o MappedElements.o Thread.o ManagerSync.o PullSync.o PushSync.o DynamicVarUInt.o DebugStreams.o AddressGenerator.o MemoryControllerPro.o MemoryControllerRAM.o MemoryControllerCommand.o MemoryControllerStreams.o MemoryControllerConfig.o Timestamp.o /opt/maxeler/maxcompiler/lib/lwip_sim/lib/liblwip.a
Tue 22:32: INFO    : make[1]: Leaving directory `/home/demo/Desktop/MaxCompiler-Builds/PolyEval_MAIA_DFE_SIM/scratch/software-sim/build'
Tue 22:32: INFO    : Build pass 'SimCompilePass' took 4.04457 s.
Tue 22:32: PROGRESS: (3/3) - Generate MaxFile (AddSimObjectToMaxFilePass)
Tue 22:32: INFO    : Build pass 'AddSimObjectToMaxFilePass' took 167.753 ms.
Tue 22:32: INFO    : Final result files after build: 
Tue 22:32: INFO    : Running command: ln -sf "../scratch/PolyEval-PolyEvalKernel-original.pxg"
Tue 22:32: INFO    : PolyEval-PolyEvalKernel-original.pxg (BuildFilePXG)
Tue 22:32: INFO    : Running command: ln -sf "../scratch/PolyEvalKernel_Configuration.txt"
Tue 22:32: INFO    : PolyEvalKernel_Configuration.txt (BuildFile)
Tue 22:32: INFO    : Running command: ln -sf "../scratch/PolyEvalKernel_NodeDiary.txt"
Tue 22:32: INFO    : PolyEvalKernel_NodeDiary.txt (BuildFile)
Tue 22:32: INFO    : Running command: ln -sf "../scratch/PolyEval-PolyEvalKernel-final-simulation.pxg"
Tue 22:32: INFO    : PolyEval-PolyEvalKernel-final-simulation.pxg (BuildFilePXG)
Tue 22:32: INFO    : Running command: ln -sf "../scratch/PolyEval.xml"
Tue 22:32: INFO    : PolyEval.xml (BuildFile)
Tue 22:32: INFO    : Running command: ln -sf "../scratch/PolyEval.h"
Tue 22:32: INFO    : PolyEval.h (BuildFileSlicH)
Tue 22:32: INFO    : Running command: ln -sf "../scratch/PolyEval.max"
Tue 22:32: INFO    : PolyEval.max (BuildFileMaxFile)
Tue 22:32: INFO    : Result files will be copied to '/home/demo/workspace/PolyEval/RunRules/Simulation/maxfiles'
Tue 22:32: INFO    : Result 'PolyEval-PolyEvalKernel-original.pxg' is identical to '/home/demo/workspace/PolyEval/RunRules/Simulation/maxfiles/PolyEval-PolyEvalKernel-original.pxg': not overwriting.
Tue 22:32: INFO    : Result 'PolyEval-PolyEvalKernel-final-simulation.pxg' is identical to '/home/demo/workspace/PolyEval/RunRules/Simulation/maxfiles/PolyEval-PolyEvalKernel-final-simulation.pxg': not overwriting.
Tue 22:32: INFO    : Result 'PolyEval.h' is identical to '/home/demo/workspace/PolyEval/RunRules/Simulation/maxfiles/PolyEval.h': not overwriting.
Tue 22:32: INFO    : Result 'PolyEval.max' is identical to '/home/demo/workspace/PolyEval/RunRules/Simulation/maxfiles/PolyEval.max': not overwriting.
Tue 22:32: PROGRESS: MaxFile: /home/demo/Desktop/MaxCompiler-Builds/PolyEval_MAIA_DFE_SIM/results/PolyEval.max (MD5Sum: b87e88dded861a2a839abee6d3af6fc3)
Tue 22:32: INFO    : Waiting for any outstanding jobs to finish... 
Tue 22:32: PROGRESS: Build completed: Tue Jan 24 22:32:07 GMT 2017 (took 5 secs)
